<?xml version="1.0" encoding="UTF-8"?>
<!-- Generated by org.testng.reporters.JUnitReportReporter -->
<testsuite hostname="DESKTOP-4N84MDJ" failures="0" tests="1" name="retailer.tests.test1" time="68.134" errors="0" timestamp="2024-03-28T18:58:38 IST" skipped="0">
  <testcase classname="retailer.tests.test1" name="approvedOrder" time="68.134"/>
  <system-out/>
</testsuite> <!-- retailer.tests.test1 -->
