<?xml version="1.0" encoding="UTF-8"?>
<!-- Generated by org.testng.reporters.JUnitReportReporter -->
<testsuite hostname="DESKTOP-4N84MDJ" failures="0" tests="1" name="retailer.tests.orderprocess" time="91.167" errors="0" timestamp="2024-04-15T09:16:42 IST" skipped="0">
  <testcase classname="retailer.tests.orderprocess" name="approvedOrder" time="91.167"/>
  <system-out/>
</testsuite> <!-- retailer.tests.orderprocess -->
