<?xml version="1.0" encoding="UTF-8"?>
<!-- Generated by org.testng.reporters.JUnitReportReporter -->
<testsuite hostname="DESKTOP-4N84MDJ" failures="0" tests="1" name="retailer.tests.LoginValidation" time="25.783" errors="0" timestamp="2024-04-15T13:58:04 IST" skipped="0">
  <testcase classname="retailer.tests.LoginValidation" name="checkpolicylinks" time="25.783"/>
  <system-out/>
</testsuite> <!-- retailer.tests.LoginValidation -->
