<?xml version="1.0" encoding="UTF-8"?>
<!-- Generated by org.testng.reporters.JUnitReportReporter -->
<testsuite hostname="DESKTOP-4N84MDJ" failures="0" tests="1" name="retailer.tests.profileValidiation" time="47.298" errors="0" timestamp="2024-04-16T14:12:26 IST" skipped="0">
  <testcase classname="retailer.tests.profileValidiation" name="checkCompanyAddress" time="47.298"/>
  <system-out/>
</testsuite> <!-- retailer.tests.profileValidiation -->
